\BOOKMARK [1][-]{section.1}{\376\377\000I\000n\000t\000r\000o\000s}{}% 1
\BOOKMARK [1][-]{section.2}{\376\377\000L\000a\000b\0001\000:\000\040\000D\000e\000c\000o\000d\000i\000n\000g\000\040\000L\000a\000b}{}% 2
\BOOKMARK [2][-]{subsection.2.1}{\376\377\000K\000e\000y\0001\000\040\000\046\000\040\000K\000e\000y\0002}{section.2}% 3
\BOOKMARK [2][-]{subsection.2.2}{\376\377\000K\000e\000y\0003\000\040\000\046\000\040\000K\000e\000y\0004}{section.2}% 4
\BOOKMARK [2][-]{subsection.2.3}{\376\377\000S\000u\000m\000m\000a\000r\000y}{section.2}% 5
\BOOKMARK [1][-]{section.3}{\376\377\000L\000a\000b\0002\000:\000\040\000B\000u\000f\000B\000o\000m\000b}{}% 6
\BOOKMARK [2][-]{subsection.3.1}{\376\377\000s\000o\000l\000u\000t\000i\000o\000n\0001}{section.3}% 7
\BOOKMARK [2][-]{subsection.3.2}{\376\377\000s\000o\000l\000u\000t\000i\000o\000n\0002}{section.3}% 8
\BOOKMARK [2][-]{subsection.3.3}{\376\377\000s\000o\000l\000u\000t\000i\000o\000n\0003}{section.3}% 9
\BOOKMARK [2][-]{subsection.3.4}{\376\377\000s\000o\000l\000u\000t\000i\000o\000n\0004\000/\137\151\206\313}{section.3}% 10
\BOOKMARK [2][-]{subsection.3.5}{\376\377\000S\000u\000m\000m\000a\000r\000y}{section.3}% 11
\BOOKMARK [1][-]{section.4}{\376\377\000L\000a\000b\0003\000:\000\040\000B\000o\000m\000b\000\040\000L\000a\000b}{}% 12
\BOOKMARK [2][-]{subsection.4.1}{\376\377\000I\000n\000i\000t\000i\000a\000l\000i\000z\000e}{section.4}% 13
\BOOKMARK [3][-]{subsubsection.4.1.1}{\376\377\000f\000i\000l\000e\000s\000t\000r\000e\000a\000m}{subsection.4.1}% 14
\BOOKMARK [3][-]{subsubsection.4.1.2}{\376\377\000b\000i\000n\000d}{subsection.4.1}% 15
\BOOKMARK [2][-]{subsection.4.2}{\376\377\000P\000h\000a\000s\000e\0001}{section.4}% 16
\BOOKMARK [2][-]{subsection.4.3}{\376\377\000P\000h\000a\000s\000e\0002}{section.4}% 17
\BOOKMARK [2][-]{subsection.4.4}{\376\377\000P\000h\000a\000s\000e\0003}{section.4}% 18
\BOOKMARK [2][-]{subsection.4.5}{\376\377\000P\000h\000a\000s\000e\0004}{section.4}% 19
\BOOKMARK [2][-]{subsection.4.6}{\376\377\000P\000h\000a\000s\000e\0005}{section.4}% 20
\BOOKMARK [2][-]{subsection.4.7}{\376\377\000P\000h\000a\000s\000e\0006}{section.4}% 21
\BOOKMARK [3][-]{subsubsection.4.7.1}{\376\377\000S\000e\000c\000t\000i\000o\000n\0001}{subsection.4.7}% 22
\BOOKMARK [3][-]{subsubsection.4.7.2}{\376\377\000S\000e\000c\000t\000i\000o\000n\0002}{subsection.4.7}% 23
\BOOKMARK [3][-]{subsubsection.4.7.3}{\376\377\000S\000e\000c\000t\000i\000o\000n\0003}{subsection.4.7}% 24
\BOOKMARK [3][-]{subsubsection.4.7.4}{\376\377\000S\000e\000c\000t\000i\000o\000n\0004}{subsection.4.7}% 25
\BOOKMARK [1][-]{section.5}{\376\377\000S\000u\000m\000m\000a\000r\000y}{}% 26
